#
# There is insufficient memory for the Java Runtime Environment to continue.
# Native memory allocation (mmap) failed to map 33554432 bytes for Failed to commit area from 0x000000008d800000 to 0x000000008f800000 of length 33554432.
# Possible reasons:
#   The system is out of physical RAM or swap space
#   The process is running with CompressedOops enabled, and the Java Heap may be blocking the growth of the native heap
# Possible solutions:
#   Reduce memory load on the system
#   Increase physical memory or swap space
#   Check if swap backing store is full
#   Decrease Java heap size (-Xmx/-Xms)
#   Decrease number of Java threads
#   Decrease Java thread stack sizes (-Xss)
#   Set larger code cache with -XX:ReservedCodeCacheSize=
#   JVM is running with Unscaled Compressed Oops mode in which the Java heap is
#     placed in the first 4GB address space. The Java Heap base address is the
#     maximum limit for the native heap growth. Please use -XX:HeapBaseMinAddress
#     to set the Java Heap base and to place the Java Heap above 4GB virtual address.
# This output file may be truncated or incomplete.
#
#  Out of Memory Error (t:/workspace/open/src/hotspot/os/windows/os_windows.cpp:3254), pid=7260, tid=3208
#
# JRE version: OpenJDK Runtime Environment (12.0+33) (build 12+33)
# Java VM: OpenJDK 64-Bit Server VM (12+33, mixed mode, sharing, tiered, compressed oops, g1 gc, windows-amd64)
# No core dump will be written. Minidumps are not enabled by default on client versions of Windows
#

---------------  S U M M A R Y ------------

Command Line: --add-modules=javafx.controls,javafx.fxml,javafx.media,javafx.swing --module-path=C:\Users\Timy\.gradle\caches\modules-2\files-2.1\org.openjfx\javafx-swing\13\a8531f7b83595165b8307a40b2854b72d001ccd5\javafx-swing-13-win.jar;C:\Users\Timy\.gradle\caches\modules-2\files-2.1\org.openjfx\javafx-media\13\fbdd1014600563e9f8950f8ba3d52264966e5c7b\javafx-media-13-win.jar;C:\Users\Timy\.gradle\caches\modules-2\files-2.1\org.openjfx\javafx-fxml\13\ee55786ffd820bb7c8dd43d127a54b1141639e29\javafx-fxml-13-win.jar;C:\Users\Timy\.gradle\caches\modules-2\files-2.1\org.openjfx\javafx-controls\13\7524fd4ab57de51637adb0e99f0220a1ae0ae4dd\javafx-controls-13-win.jar;C:\Users\Timy\.gradle\caches\modules-2\files-2.1\org.openjfx\javafx-graphics\13\bbcbc616702a086567585183efcb0ab8eb22a66b\javafx-graphics-13-win.jar;C:\Users\Timy\.gradle\caches\modules-2\files-2.1\org.openjfx\javafx-base\13\6386f02a2b71d8b503c6ca3cd2d2dcb382ce86b4\javafx-base-13-win.jar -Dfile.encoding=windows-1252 -Duser.country=US -Duser.language=en -Duser.variant MainScreen

Host: Intel(R) Core(TM) i7-6700HQ CPU @ 2.60GHz, 8 cores, 7G,  Windows 10 , 64 bit Build 17763 (10.0.17763.475)
Time: Tue Dec 17 20:14:12 2019 W. Europe Standard Time elapsed time: 18 seconds (0d 0h 0m 18s)

---------------  T H R E A D  ---------------

Current thread (0x000001d8e0120000):  VMThread "VM Thread" [stack: 0x000000af4d400000,0x000000af4d500000] [id=3208]

Stack: [0x000000af4d400000,0x000000af4d500000]
[error occurred during error reporting (printing stack bounds), id 0xc0000005, EXCEPTION_ACCESS_VIOLATION (0xc0000005) at pc=0x000001d8c9850bad]

Native frames: (J=compiled Java code, j=interpreted, Vv=VM code, C=native code)
V  [jvm.dll+0x63918a]
V  [jvm.dll+0x78b0df]
V  [jvm.dll+0x78c781]
V  [jvm.dll+0x78cd35]
V  [jvm.dll+0x78cceb]
V  [jvm.dll+0x638894]
V  [jvm.dll+0x638c58]
C  [ntdll.dll+0xa477f]
C  [ntdll.dll+0x4bef]
C  [ntdll.dll+0xa34ee]
C  0x000001d8c9850bad

VM_Operation (0x000000af4d0ff630): G1Concurrent, mode: safepoint, requested by thread 0x000001d8c14b0800


---------------  P R O C E S S  ---------------

Threads class SMR info:
_java_thread_list=0x000001d8e11d1f00, length=17, elements={
0x000001d8c1461800, 0x000001d8e0123000, 0x000001d8e0124800, 0x000001d8e0a44800,
0x000001d8e0a45800, 0x000001d8e0a46800, 0x000001d8e0a4b800, 0x000001d8e0a50000,
0x000001d8e010b800, 0x000001d8e0d10800, 0x000001d8e1582000, 0x000001d8e1732800,
0x000001d8e18e6800, 0x000001d8e1ad8800, 0x000001d8e0a56000, 0x000001d8e1c70800,
0x000001d8e1d5e000
}

Java Threads: ( => current thread )
  0x000001d8c1461800 JavaThread "main" [_thread_blocked, id=17212, stack(0x000000af4ce00000,0x000000af4cf00000)]
  0x000001d8e0123000 JavaThread "Reference Handler" daemon [_thread_blocked, id=1272, stack(0x000000af4d500000,0x000000af4d600000)]
  0x000001d8e0124800 JavaThread "Finalizer" daemon [_thread_blocked, id=4128, stack(0x000000af4d600000,0x000000af4d700000)]
  0x000001d8e0a44800 JavaThread "Signal Dispatcher" daemon [_thread_blocked, id=11112, stack(0x000000af4d700000,0x000000af4d800000)]
  0x000001d8e0a45800 JavaThread "Attach Listener" daemon [_thread_blocked, id=14796, stack(0x000000af4d800000,0x000000af4d900000)]
  0x000001d8e0a46800 JavaThread "C2 CompilerThread0" daemon [_thread_blocked, id=6536, stack(0x000000af4d900000,0x000000af4da00000)]
  0x000001d8e0a4b800 JavaThread "C1 CompilerThread0" daemon [_thread_blocked, id=16440, stack(0x000000af4da00000,0x000000af4db00000)]
  0x000001d8e0a50000 JavaThread "Sweeper thread" daemon [_thread_blocked, id=14600, stack(0x000000af4db00000,0x000000af4dc00000)]
  0x000001d8e010b800 JavaThread "Common-Cleaner" daemon [_thread_blocked, id=10264, stack(0x000000af4dc00000,0x000000af4dd00000)]
  0x000001d8e0d10800 JavaThread "Service Thread" daemon [_thread_blocked, id=5316, stack(0x000000af4df00000,0x000000af4e000000)]
  0x000001d8e1582000 JavaThread "QuantumRenderer-0" daemon [_thread_blocked, id=4572, stack(0x000000af4dd00000,0x000000af4de00000)]
  0x000001d8e1732800 JavaThread "InvokeLaterDispatcher" daemon [_thread_blocked, id=13552, stack(0x000000af4de00000,0x000000af4df00000)]
  0x000001d8e18e6800 JavaThread "JavaFX Application Thread" [_thread_blocked, id=13680, stack(0x000000af4e100000,0x000000af4e200000)]
  0x000001d8e1ad8800 JavaThread "JavaFX-Launcher" [_thread_blocked, id=8476, stack(0x000000af4e600000,0x000000af4e700000)]
  0x000001d8e0a56000 JavaThread "Thread-2" daemon [_thread_blocked, id=16344, stack(0x000000af4e500000,0x000000af4e600000)]
  0x000001d8e1c70800 JavaThread "Prism Font Disposer" daemon [_thread_blocked, id=3596, stack(0x000000af4ec00000,0x000000af4ed00000)]
  0x000001d8e1d5e000 JavaThread "Cleaner-0" daemon [_thread_blocked, id=15752, stack(0x000000af4f000000,0x000000af4f100000)]

Other Threads:
=>0x000001d8e0120000 VMThread "VM Thread" [stack: 0x000000af4d400000,0x000000af4d500000] [id=3208]
  0x000001d8e1487000 WatcherThread [stack: 0x000000af4e000000,0x000000af4e100000] [id=17108]
  0x000001d8c14a3000 GCTaskThread "GC Thread#0" [stack: 0x000000af4cf00000,0x000000af4d000000] [id=16068]
  0x000001d8e1b1f800 GCTaskThread "GC Thread#1" [stack: 0x000000af4e700000,0x000000af4e800000] [id=11420]
  0x000001d8e1aae000 GCTaskThread "GC Thread#2" [stack: 0x000000af4e800000,0x000000af4e900000] [id=3232]
  0x000001d8e1be4000 GCTaskThread "GC Thread#3" [stack: 0x000000af4e900000,0x000000af4ea00000] [id=8528]
  0x000001d8e1c0c000 GCTaskThread "GC Thread#4" [stack: 0x000000af4ea00000,0x000000af4eb00000] [id=12892]
  0x000001d8e1c0c800 GCTaskThread "GC Thread#5" [stack: 0x000000af4eb00000,0x000000af4ec00000] [id=13292]
  0x000001d8c14b0800 ConcurrentGCThread "G1 Main Marker" [stack: 0x000000af4d000000,0x000000af4d100000] [id=12048]
  0x000001d8c14b4000 ConcurrentGCThread "G1 Conc#0" [stack: 0x000000af4d100000,0x000000af4d200000] [id=1252]
  0x000001d8e1f5f000 ConcurrentGCThread "G1 Conc#1" [stack: 0x000000af4f100000,0x000000af4f200000] [id=8048]
  0x000001d8c152e800 ConcurrentGCThread "G1 Refine#0" [stack: 0x000000af4d200000,0x000000af4d300000] [id=4484]
  0x000001d8dff96000 ConcurrentGCThread "G1 Young RemSet Sampling" [stack: 0x000000af4d300000,0x000000af4d400000] [id=14760]

Threads with active compile tasks:

VM state:at safepoint (normal execution)

VM Mutex/Monitor currently owned by a thread:  ([mutex/lock_event])
[0x000001d8c145f890] Threads_lock - owner thread: 0x000001d8e0120000
[0x000001d8c14607c0] Heap_lock - owner thread: 0x000001d8c14b0800

Heap address: 0x0000000081a00000, size: 2022 MB, Compressed Oops mode: 32-bit
Narrow klass base: 0x0000000800000000, Narrow klass shift: 3
Compressed class space size: 1073741824 Address: 0x00000008011a0000

Heap:
 garbage-first heap   total 227328K, used 133443K [0x0000000081a00000, 0x0000000100000000)
  region size 1024K, 4 young (4096K), 3 survivors (3072K)
 Metaspace       used 18410K, capacity 19199K, committed 19328K, reserved 1064960K
  class space    used 2554K, capacity 2905K, committed 2944K, reserved 1048576K
Heap Regions: E=young(eden), S=young(survivor), O=old, HS=humongous(starts), HC=humongous(continues), CS=collection set, F=free, A=archive, TAMS=top-at-mark-start (previous, next)
|   0|0x0000000081a00000, 0x0000000081b00000, 0x0000000081b00000|100%| O|  |TAMS 0x0000000081b00000, 0x0000000081a00000| Updating 
|   1|0x0000000081b00000, 0x0000000081c00000, 0x0000000081c00000|100%|HS|  |TAMS 0x0000000081c00000, 0x0000000081b00000| Complete 
|   2|0x0000000081c00000, 0x0000000081d00000, 0x0000000081d00000|100%|HC|  |TAMS 0x0000000081d00000, 0x0000000081c00000| Complete 
|   3|0x0000000081d00000, 0x0000000081e00000, 0x0000000081e00000|100%|HC|  |TAMS 0x0000000081e00000, 0x0000000081d00000| Complete 
|   4|0x0000000081e00000, 0x0000000081f00000, 0x0000000081f00000|100%|HC|  |TAMS 0x0000000081f00000, 0x0000000081e00000| Complete 
|   5|0x0000000081f00000, 0x0000000082000000, 0x0000000082000000|100%|HC|  |TAMS 0x0000000082000000, 0x0000000081f00000| Complete 
|   6|0x0000000082000000, 0x0000000082100000, 0x0000000082100000|100%|HC|  |TAMS 0x0000000082100000, 0x0000000082000000| Complete 
|   7|0x0000000082100000, 0x0000000082200000, 0x0000000082200000|100%|HC|  |TAMS 0x0000000082200000, 0x0000000082100000| Complete 
|   8|0x0000000082200000, 0x0000000082300000, 0x0000000082300000|100%|HC|  |TAMS 0x0000000082300000, 0x0000000082200000| Complete 
|   9|0x0000000082300000, 0x0000000082400000, 0x0000000082400000|100%|HC|  |TAMS 0x0000000082400000, 0x0000000082300000| Complete 
|  10|0x0000000082400000, 0x0000000082500000, 0x0000000082500000|100%|HC|  |TAMS 0x0000000082500000, 0x0000000082400000| Complete 
|  11|0x0000000082500000, 0x0000000082600000, 0x0000000082600000|100%|HC|  |TAMS 0x0000000082600000, 0x0000000082500000| Complete 
|  12|0x0000000082600000, 0x0000000082700000, 0x0000000082700000|100%|HC|  |TAMS 0x0000000082700000, 0x0000000082600000| Complete 
|  13|0x0000000082700000, 0x0000000082800000, 0x0000000082800000|100%|HC|  |TAMS 0x0000000082800000, 0x0000000082700000| Complete 
|  14|0x0000000082800000, 0x0000000082900000, 0x0000000082900000|100%|HC|  |TAMS 0x0000000082900000, 0x0000000082800000| Complete 
|  15|0x0000000082900000, 0x0000000082a00000, 0x0000000082a00000|100%|HC|  |TAMS 0x0000000082a00000, 0x0000000082900000| Complete 
|  16|0x0000000082a00000, 0x0000000082b00000, 0x0000000082b00000|100%|HC|  |TAMS 0x0000000082b00000, 0x0000000082a00000| Complete 
|  17|0x0000000082b00000, 0x0000000082c00000, 0x0000000082c00000|100%|HC|  |TAMS 0x0000000082c00000, 0x0000000082b00000| Complete 
|  18|0x0000000082c00000, 0x0000000082d00000, 0x0000000082d00000|100%|HS|  |TAMS 0x0000000082d00000, 0x0000000082c00000| Complete 
|  19|0x0000000082d00000, 0x0000000082e00000, 0x0000000082e00000|100%|HC|  |TAMS 0x0000000082e00000, 0x0000000082d00000| Complete 
|  20|0x0000000082e00000, 0x0000000082f00000, 0x0000000082f00000|100%|HC|  |TAMS 0x0000000082f00000, 0x0000000082e00000| Complete 
|  21|0x0000000082f00000, 0x0000000083000000, 0x0000000083000000|100%|HC|  |TAMS 0x0000000083000000, 0x0000000082f00000| Complete 
|  22|0x0000000083000000, 0x0000000083100000, 0x0000000083100000|100%|HC|  |TAMS 0x0000000083100000, 0x0000000083000000| Complete 
|  23|0x0000000083100000, 0x0000000083200000, 0x0000000083200000|100%|HC|  |TAMS 0x0000000083200000, 0x0000000083100000| Complete 
|  24|0x0000000083200000, 0x0000000083300000, 0x0000000083300000|100%|HC|  |TAMS 0x0000000083300000, 0x0000000083200000| Complete 
|  25|0x0000000083300000, 0x0000000083400000, 0x0000000083400000|100%|HC|  |TAMS 0x0000000083400000, 0x0000000083300000| Complete 
|  26|0x0000000083400000, 0x0000000083500000, 0x0000000083500000|100%|HC|  |TAMS 0x0000000083500000, 0x0000000083400000| Complete 
|  27|0x0000000083500000, 0x0000000083600000, 0x0000000083600000|100%|HC|  |TAMS 0x0000000083600000, 0x0000000083500000| Complete 
|  28|0x0000000083600000, 0x0000000083700000, 0x0000000083700000|100%|HC|  |TAMS 0x0000000083700000, 0x0000000083600000| Complete 
|  29|0x0000000083700000, 0x0000000083800000, 0x0000000083800000|100%|HC|  |TAMS 0x0000000083800000, 0x0000000083700000| Complete 
|  30|0x0000000083800000, 0x0000000083900000, 0x0000000083900000|100%|HC|  |TAMS 0x0000000083900000, 0x0000000083800000| Complete 
|  31|0x0000000083900000, 0x0000000083a00000, 0x0000000083a00000|100%|HC|  |TAMS 0x0000000083a00000, 0x0000000083900000| Complete 
|  32|0x0000000083a00000, 0x0000000083b00000, 0x0000000083b00000|100%|HC|  |TAMS 0x0000000083b00000, 0x0000000083a00000| Complete 
|  33|0x0000000083b00000, 0x0000000083c00000, 0x0000000083c00000|100%|HC|  |TAMS 0x0000000083c00000, 0x0000000083b00000| Complete 
|  34|0x0000000083c00000, 0x0000000083d00000, 0x0000000083d00000|100%|HC|  |TAMS 0x0000000083d00000, 0x0000000083c00000| Complete 
|  35|0x0000000083d00000, 0x0000000083e00000, 0x0000000083e00000|100%|HS|  |TAMS 0x0000000083e00000, 0x0000000083d00000| Complete 
|  36|0x0000000083e00000, 0x0000000083f00000, 0x0000000083f00000|100%|HC|  |TAMS 0x0000000083f00000, 0x0000000083e00000| Complete 
|  37|0x0000000083f00000, 0x0000000084000000, 0x0000000084000000|100%|HC|  |TAMS 0x0000000084000000, 0x0000000083f00000| Complete 
|  38|0x0000000084000000, 0x0000000084100000, 0x0000000084100000|100%|HC|  |TAMS 0x0000000084100000, 0x0000000084000000| Complete 
|  39|0x0000000084100000, 0x0000000084200000, 0x0000000084200000|100%|HC|  |TAMS 0x0000000084200000, 0x0000000084100000| Complete 
|  40|0x0000000084200000, 0x0000000084300000, 0x0000000084300000|100%|HC|  |TAMS 0x0000000084300000, 0x0000000084200000| Complete 
|  41|0x0000000084300000, 0x0000000084400000, 0x0000000084400000|100%|HC|  |TAMS 0x0000000084400000, 0x0000000084300000| Complete 
|  42|0x0000000084400000, 0x0000000084500000, 0x0000000084500000|100%|HC|  |TAMS 0x0000000084500000, 0x0000000084400000| Complete 
|  43|0x0000000084500000, 0x0000000084600000, 0x0000000084600000|100%|HC|  |TAMS 0x0000000084600000, 0x0000000084500000| Complete 
|  44|0x0000000084600000, 0x0000000084700000, 0x0000000084700000|100%|HC|  |TAMS 0x0000000084700000, 0x0000000084600000| Complete 
|  45|0x0000000084700000, 0x0000000084800000, 0x0000000084800000|100%|HC|  |TAMS 0x0000000084800000, 0x0000000084700000| Complete 
|  46|0x0000000084800000, 0x0000000084900000, 0x0000000084900000|100%|HC|  |TAMS 0x0000000084900000, 0x0000000084800000| Complete 
|  47|0x0000000084900000, 0x0000000084a00000, 0x0000000084a00000|100%|HC|  |TAMS 0x0000000084a00000, 0x0000000084900000| Complete 
|  48|0x0000000084a00000, 0x0000000084b00000, 0x0000000084b00000|100%|HC|  |TAMS 0x0000000084b00000, 0x0000000084a00000| Complete 
|  49|0x0000000084b00000, 0x0000000084c00000, 0x0000000084c00000|100%|HC|  |TAMS 0x0000000084c00000, 0x0000000084b00000| Complete 
|  50|0x0000000084c00000, 0x0000000084d00000, 0x0000000084d00000|100%|HC|  |TAMS 0x0000000084d00000, 0x0000000084c00000| Complete 
|  51|0x0000000084d00000, 0x0000000084e00000, 0x0000000084e00000|100%|HC|  |TAMS 0x0000000084e00000, 0x0000000084d00000| Complete 
|  52|0x0000000084e00000, 0x0000000084f00000, 0x0000000084f00000|100%|HS|  |TAMS 0x0000000084f00000, 0x0000000084e00000| Complete 
|  53|0x0000000084f00000, 0x0000000085000000, 0x0000000085000000|100%|HC|  |TAMS 0x0000000085000000, 0x0000000084f00000| Complete 
|  54|0x0000000085000000, 0x0000000085100000, 0x0000000085100000|100%|HC|  |TAMS 0x0000000085100000, 0x0000000085000000| Complete 
|  55|0x0000000085100000, 0x0000000085200000, 0x0000000085200000|100%|HC|  |TAMS 0x0000000085200000, 0x0000000085100000| Complete 
|  56|0x0000000085200000, 0x0000000085300000, 0x0000000085300000|100%|HC|  |TAMS 0x0000000085300000, 0x0000000085200000| Complete 
|  57|0x0000000085300000, 0x0000000085400000, 0x0000000085400000|100%|HC|  |TAMS 0x0000000085400000, 0x0000000085300000| Complete 
|  58|0x0000000085400000, 0x0000000085500000, 0x0000000085500000|100%|HC|  |TAMS 0x0000000085500000, 0x0000000085400000| Complete 
|  59|0x0000000085500000, 0x0000000085600000, 0x0000000085600000|100%|HC|  |TAMS 0x0000000085600000, 0x0000000085500000| Complete 
|  60|0x0000000085600000, 0x0000000085700000, 0x0000000085700000|100%|HC|  |TAMS 0x0000000085700000, 0x0000000085600000| Complete 
|  61|0x0000000085700000, 0x0000000085800000, 0x0000000085800000|100%|HC|  |TAMS 0x0000000085800000, 0x0000000085700000| Complete 
|  62|0x0000000085800000, 0x0000000085900000, 0x0000000085900000|100%|HC|  |TAMS 0x0000000085900000, 0x0000000085800000| Complete 
|  63|0x0000000085900000, 0x0000000085a00000, 0x0000000085a00000|100%|HC|  |TAMS 0x0000000085a00000, 0x0000000085900000| Complete 
|  64|0x0000000085a00000, 0x0000000085b00000, 0x0000000085b00000|100%|HC|  |TAMS 0x0000000085b00000, 0x0000000085a00000| Complete 
|  65|0x0000000085b00000, 0x0000000085c00000, 0x0000000085c00000|100%|HC|  |TAMS 0x0000000085c00000, 0x0000000085b00000| Complete 
|  66|0x0000000085c00000, 0x0000000085d00000, 0x0000000085d00000|100%|HC|  |TAMS 0x0000000085d00000, 0x0000000085c00000| Complete 
|  67|0x0000000085d00000, 0x0000000085e00000, 0x0000000085e00000|100%|HC|  |TAMS 0x0000000085e00000, 0x0000000085d00000| Complete 
|  68|0x0000000085e00000, 0x0000000085f00000, 0x0000000085f00000|100%|HC|  |TAMS 0x0000000085f00000, 0x0000000085e00000| Complete 
|  69|0x0000000085f00000, 0x0000000086000000, 0x0000000086000000|100%| O|  |TAMS 0x0000000086000000, 0x0000000085f00000| Updating 
|  70|0x0000000086000000, 0x0000000086100000, 0x0000000086100000|100%| O|  |TAMS 0x0000000086100000, 0x0000000086000000| Updating 
|  71|0x0000000086100000, 0x0000000086200000, 0x0000000086200000|100%| O|  |TAMS 0x0000000086200000, 0x0000000086100000| Updating 
|  72|0x0000000086200000, 0x0000000086300000, 0x0000000086300000|100%| O|  |TAMS 0x0000000086300000, 0x0000000086200000| Updating 
|  73|0x0000000086300000, 0x0000000086400000, 0x0000000086400000|100%| O|  |TAMS 0x0000000086400000, 0x0000000086300000| Updating 
|  74|0x0000000086400000, 0x0000000086500000, 0x0000000086500000|100%| O|  |TAMS 0x0000000086500000, 0x0000000086400000| Updating 
|  75|0x0000000086500000, 0x000000008654d200, 0x0000000086600000| 30%| O|  |TAMS 0x000000008654d200, 0x0000000086500000| Updating 
|  76|0x0000000086600000, 0x0000000086700000, 0x0000000086700000|100%|HS|  |TAMS 0x0000000086700000, 0x0000000086600000| Complete 
|  77|0x0000000086700000, 0x0000000086800000, 0x0000000086800000|100%|HC|  |TAMS 0x0000000086800000, 0x0000000086700000| Complete 
|  78|0x0000000086800000, 0x0000000086900000, 0x0000000086900000|100%|HC|  |TAMS 0x0000000086900000, 0x0000000086800000| Complete 
|  79|0x0000000086900000, 0x0000000086a00000, 0x0000000086a00000|100%|HC|  |TAMS 0x0000000086a00000, 0x0000000086900000| Complete 
|  80|0x0000000086a00000, 0x0000000086b00000, 0x0000000086b00000|100%|HC|  |TAMS 0x0000000086b00000, 0x0000000086a00000| Complete 
|  81|0x0000000086b00000, 0x0000000086c00000, 0x0000000086c00000|100%|HC|  |TAMS 0x0000000086c00000, 0x0000000086b00000| Complete 
|  82|0x0000000086c00000, 0x0000000086d00000, 0x0000000086d00000|100%|HC|  |TAMS 0x0000000086d00000, 0x0000000086c00000| Complete 
|  83|0x0000000086d00000, 0x0000000086e00000, 0x0000000086e00000|100%|HC|  |TAMS 0x0000000086e00000, 0x0000000086d00000| Complete 
|  84|0x0000000086e00000, 0x0000000086f00000, 0x0000000086f00000|100%|HC|  |TAMS 0x0000000086f00000, 0x0000000086e00000| Complete 
|  85|0x0000000086f00000, 0x0000000087000000, 0x0000000087000000|100%|HC|  |TAMS 0x0000000087000000, 0x0000000086f00000| Complete 
|  86|0x0000000087000000, 0x0000000087100000, 0x0000000087100000|100%|HC|  |TAMS 0x0000000087100000, 0x0000000087000000| Complete 
|  87|0x0000000087100000, 0x0000000087200000, 0x0000000087200000|100%|HC|  |TAMS 0x0000000087200000, 0x0000000087100000| Complete 
|  88|0x0000000087200000, 0x0000000087300000, 0x0000000087300000|100%|HC|  |TAMS 0x0000000087300000, 0x0000000087200000| Complete 
|  89|0x0000000087300000, 0x0000000087400000, 0x0000000087400000|100%|HC|  |TAMS 0x0000000087400000, 0x0000000087300000| Complete 
|  90|0x0000000087400000, 0x0000000087500000, 0x0000000087500000|100%|HC|  |TAMS 0x0000000087500000, 0x0000000087400000| Complete 
|  91|0x0000000087500000, 0x0000000087600000, 0x0000000087600000|100%|HC|  |TAMS 0x0000000087600000, 0x0000000087500000| Complete 
|  92|0x0000000087600000, 0x0000000087700000, 0x0000000087700000|100%|HC|  |TAMS 0x0000000087700000, 0x0000000087600000| Complete 
|  93|0x0000000087700000, 0x0000000087800000, 0x0000000087800000|100%|HS|  |TAMS 0x0000000087800000, 0x0000000087700000| Complete 
|  94|0x0000000087800000, 0x0000000087900000, 0x0000000087900000|100%|HC|  |TAMS 0x0000000087900000, 0x0000000087800000| Complete 
|  95|0x0000000087900000, 0x0000000087a00000, 0x0000000087a00000|100%|HC|  |TAMS 0x0000000087a00000, 0x0000000087900000| Complete 
|  96|0x0000000087a00000, 0x0000000087b00000, 0x0000000087b00000|100%|HC|  |TAMS 0x0000000087b00000, 0x0000000087a00000| Complete 
|  97|0x0000000087b00000, 0x0000000087c00000, 0x0000000087c00000|100%|HC|  |TAMS 0x0000000087c00000, 0x0000000087b00000| Complete 
|  98|0x0000000087c00000, 0x0000000087d00000, 0x0000000087d00000|100%|HC|  |TAMS 0x0000000087d00000, 0x0000000087c00000| Complete 
|  99|0x0000000087d00000, 0x0000000087e00000, 0x0000000087e00000|100%|HC|  |TAMS 0x0000000087e00000, 0x0000000087d00000| Complete 
| 100|0x0000000087e00000, 0x0000000087f00000, 0x0000000087f00000|100%|HC|  |TAMS 0x0000000087f00000, 0x0000000087e00000| Complete 
| 101|0x0000000087f00000, 0x0000000088000000, 0x0000000088000000|100%|HC|  |TAMS 0x0000000088000000, 0x0000000087f00000| Complete 
| 102|0x0000000088000000, 0x0000000088100000, 0x0000000088100000|100%|HC|  |TAMS 0x0000000088100000, 0x0000000088000000| Complete 
| 103|0x0000000088100000, 0x0000000088200000, 0x0000000088200000|100%|HC|  |TAMS 0x0000000088200000, 0x0000000088100000| Complete 
| 104|0x0000000088200000, 0x0000000088300000, 0x0000000088300000|100%|HC|  |TAMS 0x0000000088300000, 0x0000000088200000| Complete 
| 105|0x0000000088300000, 0x0000000088400000, 0x0000000088400000|100%|HC|  |TAMS 0x0000000088400000, 0x0000000088300000| Complete 
| 106|0x0000000088400000, 0x0000000088500000, 0x0000000088500000|100%|HC|  |TAMS 0x0000000088500000, 0x0000000088400000| Complete 
| 107|0x0000000088500000, 0x0000000088600000, 0x0000000088600000|100%|HC|  |TAMS 0x0000000088600000, 0x0000000088500000| Complete 
| 108|0x0000000088600000, 0x0000000088700000, 0x0000000088700000|100%|HC|  |TAMS 0x0000000088700000, 0x0000000088600000| Complete 
| 109|0x0000000088700000, 0x0000000088800000, 0x0000000088800000|100%|HC|  |TAMS 0x0000000088800000, 0x0000000088700000| Complete 
| 110|0x0000000088800000, 0x0000000088900000, 0x0000000088900000|100%|HS|  |TAMS 0x0000000088900000, 0x0000000088800000| Complete 
| 111|0x0000000088900000, 0x0000000088a00000, 0x0000000088a00000|100%|HC|  |TAMS 0x0000000088a00000, 0x0000000088900000| Complete 
| 112|0x0000000088a00000, 0x0000000088b00000, 0x0000000088b00000|100%|HS|  |TAMS 0x0000000088a00000, 0x0000000088a00000| Complete 
| 113|0x0000000088b00000, 0x0000000088c00000, 0x0000000088c00000|100%|HC|  |TAMS 0x0000000088b00000, 0x0000000088b00000| Complete 
| 114|0x0000000088c00000, 0x0000000088d00000, 0x0000000088d00000|100%|HC|  |TAMS 0x0000000088c00000, 0x0000000088c00000| Complete 
| 115|0x0000000088d00000, 0x0000000088e00000, 0x0000000088e00000|100%|HC|  |TAMS 0x0000000088d00000, 0x0000000088d00000| Complete 
| 116|0x0000000088e00000, 0x0000000088f00000, 0x0000000088f00000|100%|HC|  |TAMS 0x0000000088e00000, 0x0000000088e00000| Complete 
| 117|0x0000000088f00000, 0x0000000089000000, 0x0000000089000000|100%|HC|  |TAMS 0x0000000088f00000, 0x0000000088f00000| Complete 
| 118|0x0000000089000000, 0x0000000089100000, 0x0000000089100000|100%|HC|  |TAMS 0x0000000089000000, 0x0000000089000000| Complete 
| 119|0x0000000089100000, 0x0000000089200000, 0x0000000089200000|100%|HC|  |TAMS 0x0000000089100000, 0x0000000089100000| Complete 
| 120|0x0000000089200000, 0x0000000089300000, 0x0000000089300000|100%|HC|  |TAMS 0x0000000089200000, 0x0000000089200000| Complete 
| 121|0x0000000089300000, 0x0000000089400000, 0x0000000089400000|100%|HC|  |TAMS 0x0000000089300000, 0x0000000089300000| Complete 
| 122|0x0000000089400000, 0x0000000089500000, 0x0000000089500000|100%|HC|  |TAMS 0x0000000089400000, 0x0000000089400000| Complete 
| 123|0x0000000089500000, 0x0000000089600000, 0x0000000089600000|100%|HC|  |TAMS 0x0000000089500000, 0x0000000089500000| Complete 
| 124|0x0000000089600000, 0x0000000089700000, 0x0000000089700000|100%|HC|  |TAMS 0x0000000089600000, 0x0000000089600000| Complete 
| 125|0x0000000089700000, 0x0000000089800000, 0x0000000089800000|100%|HC|  |TAMS 0x0000000089700000, 0x0000000089700000| Complete 
| 126|0x0000000089800000, 0x0000000089900000, 0x0000000089900000|100%|HC|  |TAMS 0x0000000089800000, 0x0000000089800000| Complete 
| 127|0x0000000089900000, 0x0000000089a00000, 0x0000000089a00000|100%|HC|  |TAMS 0x0000000089900000, 0x0000000089900000| Complete 
| 128|0x0000000089a00000, 0x0000000089b00000, 0x0000000089b00000|100%|HC|  |TAMS 0x0000000089a00000, 0x0000000089a00000| Complete 
| 129|0x0000000089b00000, 0x0000000089b00000, 0x0000000089c00000|  0%| F|  |TAMS 0x0000000089b00000, 0x0000000089b00000| Untracked 
| 130|0x0000000089c00000, 0x0000000089c00000, 0x0000000089d00000|  0%| F|  |TAMS 0x0000000089c00000, 0x0000000089c00000| Untracked 
| 131|0x0000000089d00000, 0x0000000089d00000, 0x0000000089e00000|  0%| F|  |TAMS 0x0000000089d00000, 0x0000000089d00000| Untracked 
| 132|0x0000000089e00000, 0x0000000089e00000, 0x0000000089f00000|  0%| F|  |TAMS 0x0000000089e00000, 0x0000000089e00000| Untracked 
| 133|0x0000000089f00000, 0x0000000089f00000, 0x000000008a000000|  0%| F|  |TAMS 0x0000000089f00000, 0x0000000089f00000| Untracked 
| 134|0x000000008a000000, 0x000000008a000000, 0x000000008a100000|  0%| F|  |TAMS 0x000000008a000000, 0x000000008a000000| Untracked 
| 135|0x000000008a100000, 0x000000008a100000, 0x000000008a200000|  0%| F|  |TAMS 0x000000008a100000, 0x000000008a100000| Untracked 
| 136|0x000000008a200000, 0x000000008a200000, 0x000000008a300000|  0%| F|  |TAMS 0x000000008a200000, 0x000000008a200000| Untracked 
| 137|0x000000008a300000, 0x000000008a300000, 0x000000008a400000|  0%| F|  |TAMS 0x000000008a300000, 0x000000008a300000| Untracked 
| 138|0x000000008a400000, 0x000000008a400000, 0x000000008a500000|  0%| F|  |TAMS 0x000000008a400000, 0x000000008a400000| Untracked 
| 139|0x000000008a500000, 0x000000008a500000, 0x000000008a600000|  0%| F|  |TAMS 0x000000008a500000, 0x000000008a500000| Untracked 
| 140|0x000000008a600000, 0x000000008a600000, 0x000000008a700000|  0%| F|  |TAMS 0x000000008a600000, 0x000000008a600000| Untracked 
| 141|0x000000008a700000, 0x000000008a700000, 0x000000008a800000|  0%| F|  |TAMS 0x000000008a700000, 0x000000008a700000| Untracked 
| 142|0x000000008a800000, 0x000000008a800000, 0x000000008a900000|  0%| F|  |TAMS 0x000000008a800000, 0x000000008a800000| Untracked 
| 143|0x000000008a900000, 0x000000008a900000, 0x000000008aa00000|  0%| F|  |TAMS 0x000000008a900000, 0x000000008a900000| Untracked 
| 144|0x000000008aa00000, 0x000000008aa00000, 0x000000008ab00000|  0%| F|  |TAMS 0x000000008aa00000, 0x000000008aa00000| Untracked 
| 145|0x000000008ab00000, 0x000000008ab00000, 0x000000008ac00000|  0%| F|  |TAMS 0x000000008ab00000, 0x000000008ab00000| Untracked 
| 146|0x000000008ac00000, 0x000000008ac00000, 0x000000008ad00000|  0%| F|  |TAMS 0x000000008ac00000, 0x000000008ac00000| Untracked 
| 147|0x000000008ad00000, 0x000000008ad00000, 0x000000008ae00000|  0%| F|  |TAMS 0x000000008ad00000, 0x000000008ad00000| Untracked 
| 148|0x000000008ae00000, 0x000000008ae00000, 0x000000008af00000|  0%| F|  |TAMS 0x000000008ae00000, 0x000000008ae00000| Untracked 
| 149|0x000000008af00000, 0x000000008af00000, 0x000000008b000000|  0%| F|  |TAMS 0x000000008af00000, 0x000000008af00000| Untracked 
| 150|0x000000008b000000, 0x000000008b000000, 0x000000008b100000|  0%| F|  |TAMS 0x000000008b000000, 0x000000008b000000| Untracked 
| 151|0x000000008b100000, 0x000000008b100000, 0x000000008b200000|  0%| F|  |TAMS 0x000000008b100000, 0x000000008b100000| Untracked 
| 152|0x000000008b200000, 0x000000008b200000, 0x000000008b300000|  0%| F|  |TAMS 0x000000008b200000, 0x000000008b200000| Untracked 
| 153|0x000000008b300000, 0x000000008b300000, 0x000000008b400000|  0%| F|  |TAMS 0x000000008b300000, 0x000000008b300000| Untracked 
| 154|0x000000008b400000, 0x000000008b400000, 0x000000008b500000|  0%| F|  |TAMS 0x000000008b400000, 0x000000008b400000| Untracked 
| 155|0x000000008b500000, 0x000000008b500000, 0x000000008b600000|  0%| F|  |TAMS 0x000000008b500000, 0x000000008b500000| Untracked 
| 156|0x000000008b600000, 0x000000008b600000, 0x000000008b700000|  0%| F|  |TAMS 0x000000008b600000, 0x000000008b600000| Untracked 
| 157|0x000000008b700000, 0x000000008b700000, 0x000000008b800000|  0%| F|  |TAMS 0x000000008b700000, 0x000000008b700000| Untracked 
| 158|0x000000008b800000, 0x000000008b800000, 0x000000008b900000|  0%| F|  |TAMS 0x000000008b800000, 0x000000008b800000| Untracked 
| 159|0x000000008b900000, 0x000000008b900000, 0x000000008ba00000|  0%| F|  |TAMS 0x000000008b900000, 0x000000008b900000| Untracked 
| 160|0x000000008ba00000, 0x000000008ba00000, 0x000000008bb00000|  0%| F|  |TAMS 0x000000008ba00000, 0x000000008ba00000| Untracked 
| 161|0x000000008bb00000, 0x000000008bb00000, 0x000000008bc00000|  0%| F|  |TAMS 0x000000008bb00000, 0x000000008bb00000| Untracked 
| 162|0x000000008bc00000, 0x000000008bc00000, 0x000000008bd00000|  0%| F|  |TAMS 0x000000008bc00000, 0x000000008bc00000| Untracked 
| 163|0x000000008bd00000, 0x000000008bd00000, 0x000000008be00000|  0%| F|  |TAMS 0x000000008bd00000, 0x000000008bd00000| Untracked 
| 164|0x000000008be00000, 0x000000008be00000, 0x000000008bf00000|  0%| F|  |TAMS 0x000000008be00000, 0x000000008be00000| Untracked 
| 165|0x000000008bf00000, 0x000000008bf00000, 0x000000008c000000|  0%| F|  |TAMS 0x000000008bf00000, 0x000000008bf00000| Untracked 
| 166|0x000000008c000000, 0x000000008c000000, 0x000000008c100000|  0%| F|  |TAMS 0x000000008c000000, 0x000000008c000000| Untracked 
| 167|0x000000008c100000, 0x000000008c100000, 0x000000008c200000|  0%| F|  |TAMS 0x000000008c100000, 0x000000008c100000| Untracked 
| 168|0x000000008c200000, 0x000000008c200000, 0x000000008c300000|  0%| F|  |TAMS 0x000000008c200000, 0x000000008c200000| Untracked 
| 169|0x000000008c300000, 0x000000008c300000, 0x000000008c400000|  0%| F|  |TAMS 0x000000008c300000, 0x000000008c300000| Untracked 
| 170|0x000000008c400000, 0x000000008c400000, 0x000000008c500000|  0%| F|  |TAMS 0x000000008c400000, 0x000000008c400000| Untracked 
| 171|0x000000008c500000, 0x000000008c500000, 0x000000008c600000|  0%| F|  |TAMS 0x000000008c500000, 0x000000008c500000| Untracked 
| 172|0x000000008c600000, 0x000000008c600000, 0x000000008c700000|  0%| F|  |TAMS 0x000000008c600000, 0x000000008c600000| Untracked 
| 173|0x000000008c700000, 0x000000008c703bf0, 0x000000008c800000|  1%| S|CS|TAMS 0x000000008c700000, 0x000000008c700000| Complete 
| 174|0x000000008c800000, 0x000000008c900000, 0x000000008c900000|100%| S|CS|TAMS 0x000000008c800000, 0x000000008c800000| Complete 
| 175|0x000000008c900000, 0x000000008ca00000, 0x000000008ca00000|100%| S|CS|TAMS 0x000000008c900000, 0x000000008c900000| Complete 
| 176|0x000000008ca00000, 0x000000008ca00000, 0x000000008cb00000|  0%| F|  |TAMS 0x000000008ca00000, 0x000000008ca00000| Untracked 
| 177|0x000000008cb00000, 0x000000008cb00000, 0x000000008cc00000|  0%| F|  |TAMS 0x000000008cb00000, 0x000000008cb00000| Untracked 
| 178|0x000000008cc00000, 0x000000008cc00000, 0x000000008cd00000|  0%| F|  |TAMS 0x000000008cc00000, 0x000000008cc00000| Untracked 
| 179|0x000000008cd00000, 0x000000008cd00000, 0x000000008ce00000|  0%| F|  |TAMS 0x000000008cd00000, 0x000000008cd00000| Untracked 
| 180|0x000000008ce00000, 0x000000008ce00000, 0x000000008cf00000|  0%| F|  |TAMS 0x000000008ce00000, 0x000000008ce00000| Untracked 
| 181|0x000000008cf00000, 0x000000008cf00000, 0x000000008d000000|  0%| F|  |TAMS 0x000000008cf00000, 0x000000008cf00000| Untracked 
| 182|0x000000008d000000, 0x000000008d000000, 0x000000008d100000|  0%| F|  |TAMS 0x000000008d000000, 0x000000008d000000| Untracked 
| 183|0x000000008d100000, 0x000000008d100000, 0x000000008d200000|  0%| F|  |TAMS 0x000000008d100000, 0x000000008d100000| Untracked 
| 184|0x000000008d200000, 0x000000008d200000, 0x000000008d300000|  0%| F|  |TAMS 0x000000008d200000, 0x000000008d200000| Untracked 
| 185|0x000000008d300000, 0x000000008d300000, 0x000000008d400000|  0%| F|  |TAMS 0x000000008d300000, 0x000000008d300000| Untracked 
| 186|0x000000008d400000, 0x000000008d400000, 0x000000008d500000|  0%| F|  |TAMS 0x000000008d400000, 0x000000008d400000| Untracked 
| 187|0x000000008d500000, 0x000000008d500000, 0x000000008d600000|  0%| F|  |TAMS 0x000000008d500000, 0x000000008d500000| Untracked 
| 188|0x000000008d600000, 0x000000008d600000, 0x000000008d700000|  0%| F|  |TAMS 0x000000008d600000, 0x000000008d600000| Untracked 
| 189|0x000000008d700000, 0x000000008d7d9c38, 0x000000008d800000| 85%| E|  |TAMS 0x000000008d700000, 0x000000008d700000| Complete 

Card table byte_map: [0x000001d8d8f80000,0x000001d8d9380000] _byte_map_base: 0x000001d8d8b73000

Marking Bits (Prev, Next): (CMBitMap*) 0x000001d8c14a3dd8, (CMBitMap*) 0x000001d8c14a3d98
 Prev Bits: [0x000001d8db720000, 0x000001d8dd6b8000)
 Next Bits: [0x000001d8d9780000, 0x000001d8db718000)

Polling page: 0x000001d8bf430000

Metaspace:

Usage:
  Non-class:     15.91 MB capacity,    15.48 MB ( 97%) used,   353.51 KB (  2%) free+waste,    84.25 KB ( <1%) overhead. 
      Class:      2.84 MB capacity,     2.49 MB ( 88%) used,   306.25 KB ( 11%) free+waste,    44.44 KB (  2%) overhead. 
       Both:     18.75 MB capacity,    17.98 MB ( 96%) used,   659.76 KB (  3%) free+waste,   128.69 KB ( <1%) overhead. 

Virtual space:
  Non-class space:       16.00 MB reserved,      16.00 MB (100%) committed 
      Class space:        1.00 GB reserved,       2.88 MB ( <1%) committed 
             Both:        1.02 GB reserved,      18.88 MB (  2%) committed 

Chunk freelists:
   Non-Class:  3.25 KB
       Class:  896 bytes
        Both:  4.13 KB

CodeHeap 'non-profiled nmethods': size=120000Kb used=1321Kb max_used=1321Kb free=118678Kb
 bounds [0x000001d8d1320000, 0x000001d8d1590000, 0x000001d8d8850000]
CodeHeap 'profiled nmethods': size=120000Kb used=6331Kb max_used=6331Kb free=113669Kb
 bounds [0x000001d8c9df0000, 0x000001d8ca420000, 0x000001d8d1320000]
CodeHeap 'non-nmethods': size=5760Kb used=1378Kb max_used=1413Kb free=4382Kb
 bounds [0x000001d8c9850000, 0x000001d8c9ac0000, 0x000001d8c9df0000]
 total_blobs=4475 nmethods=3090 adapters=715
 compilation: enabled
              stopped_count=0, restarted_count=0
 full_count=0

Compilation events (10 events):
Event: 18.111 Thread 0x000001d8e0a4b800 nmethod 3090 0x000001d8ca41be10 code [0x000001d8ca41bfe0, 0x000001d8ca41c3b0]
Event: 18.111 Thread 0x000001d8e0a4b800 3091       3       javafx.scene.Scene::getUserAgentStylesheet (22 bytes)
Event: 18.111 Thread 0x000001d8e0a4b800 nmethod 3091 0x000001d8ca41c490 code [0x000001d8ca41c660, 0x000001d8ca41ca30]
Event: 18.111 Thread 0x000001d8e0a4b800 3092   !   3       com.sun.javafx.tk.quantum.QuantumToolkit::runWithoutRenderLock (49 bytes)
Event: 18.112 Thread 0x000001d8e0a4b800 nmethod 3092 0x000001d8ca41cb10 code [0x000001d8ca41cde0, 0x000001d8ca41dce0]
Event: 18.112 Thread 0x000001d8e0a4b800 3093       3       java.util.ArrayList$SubList::<init> (35 bytes)
Event: 18.112 Thread 0x000001d8e0a4b800 nmethod 3093 0x000001d8ca41e110 code [0x000001d8ca41e2e0, 0x000001d8ca41e618]
Event: 18.113 Thread 0x000001d8e0a46800 nmethod 3089 0x000001d8d146a010 code [0x000001d8d146a1c0, 0x000001d8d146a358]
Event: 18.121 Thread 0x000001d8e0a4b800 3094       3       java.util.Formatter$Flags::contains (22 bytes)
Event: 18.121 Thread 0x000001d8e0a4b800 nmethod 3094 0x000001d8ca41e790 code [0x000001d8ca41e960, 0x000001d8ca41eb78]

GC Heap History (10 events):
Event: 4.244 GC heap before
{Heap before GC invocations=1 (full 0):
 garbage-first heap   total 131072K, used 82995K [0x0000000081a00000, 0x0000000100000000)
  region size 1024K, 31 young (31744K), 3 survivors (3072K)
 Metaspace       used 13562K, capacity 14324K, committed 14464K, reserved 1060864K
  class space    used 1838K, capacity 2090K, committed 2176K, reserved 1048576K
}
Event: 4.253 GC heap after
{Heap after GC invocations=2 (full 0):
 garbage-first heap   total 131072K, used 59424K [0x0000000081a00000, 0x0000000100000000)
  region size 1024K, 7 young (7168K), 7 survivors (7168K)
 Metaspace       used 13562K, capacity 14324K, committed 14464K, reserved 1060864K
  class space    used 1838K, capacity 2090K, committed 2176K, reserved 1048576K
}
Event: 4.334 GC heap before
{Heap before GC invocations=3 (full 0):
 garbage-first heap   total 132096K, used 78880K [0x0000000081a00000, 0x0000000100000000)
  region size 1024K, 10 young (10240K), 7 survivors (7168K)
 Metaspace       used 14093K, capacity 14781K, committed 15104K, reserved 1062912K
  class space    used 1938K, capacity 2180K, committed 2304K, reserved 1048576K
}
Event: 4.342 GC heap after
{Heap after GC invocations=4 (full 0):
 garbage-first heap   total 132096K, used 78045K [0x0000000081a00000, 0x0000000100000000)
  region size 1024K, 1 young (1024K), 1 survivors (1024K)
 Metaspace       used 14093K, capacity 14781K, committed 15104K, reserved 1062912K
  class space    used 1938K, capacity 2180K, committed 2304K, reserved 1048576K
}
Event: 4.407 GC heap before
{Heap before GC invocations=5 (full 0):
 garbage-first heap   total 162816K, used 95453K [0x0000000081a00000, 0x0000000100000000)
  region size 1024K, 2 young (2048K), 1 survivors (1024K)
 Metaspace       used 14156K, capacity 14797K, committed 15104K, reserved 1062912K
  class space    used 1940K, capacity 2183K, committed 2304K, reserved 1048576K
}
Event: 4.408 GC heap after
{Heap after GC invocations=6 (full 0):
 garbage-first heap   total 162816K, used 94965K [0x0000000081a00000, 0x0000000100000000)
  region size 1024K, 1 young (1024K), 1 survivors (1024K)
 Metaspace       used 14156K, capacity 14797K, committed 15104K, reserved 1062912K
  class space    used 1940K, capacity 2183K, committed 2304K, reserved 1048576K
}
Event: 4.749 GC heap before
{Heap before GC invocations=7 (full 0):
 garbage-first heap   total 191488K, used 116469K [0x0000000081a00000, 0x0000000100000000)
  region size 1024K, 6 young (6144K), 1 survivors (1024K)
 Metaspace       used 15116K, capacity 15786K, committed 16000K, reserved 1062912K
  class space    used 2047K, capacity 2341K, committed 2432K, reserved 1048576K
}
Event: 4.752 GC heap after
{Heap after GC invocations=8 (full 0):
 garbage-first heap   total 191488K, used 112743K [0x0000000081a00000, 0x0000000100000000)
  region size 1024K, 1 young (1024K), 1 survivors (1024K)
 Metaspace       used 15116K, capacity 15786K, committed 16000K, reserved 1062912K
  class space    used 2047K, capacity 2341K, committed 2432K, reserved 1048576K
}
Event: 18.113 GC heap before
{Heap before GC invocations=9 (full 0):
 garbage-first heap   total 194560K, used 127079K [0x0000000081a00000, 0x0000000100000000)
  region size 1024K, 14 young (14336K), 1 survivors (1024K)
 Metaspace       used 18409K, capacity 19199K, committed 19328K, reserved 1064960K
  class space    used 2554K, capacity 2905K, committed 2944K, reserved 1048576K
}
Event: 18.117 GC heap after
{Heap after GC invocations=10 (full 0):
 garbage-first heap   total 194560K, used 116035K [0x0000000081a00000, 0x0000000100000000)
  region size 1024K, 3 young (3072K), 3 survivors (3072K)
 Metaspace       used 18409K, capacity 19199K, committed 19328K, reserved 1064960K
  class space    used 2554K, capacity 2905K, committed 2944K, reserved 1048576K
}

Deoptimization events (10 events):
Event: 8.735 Thread 0x000001d8e1582000 Uncommon trap: reason=unstable_if action=reinterpret pc=0x000001d8d1406d94 method=com.sun.marlin.MaskMarlinAlphaConsumer.setAndClearRelativeAlphas([IIII)V @ 69 c2
Event: 13.823 Thread 0x000001d8e18e6800 Uncommon trap: reason=unstable_if action=reinterpret pc=0x000001d8d136c94c method=java.lang.StringLatin1.canEncode(I)Z @ 4 c2
Event: 13.823 Thread 0x000001d8e18e6800 Uncommon trap: reason=unstable_if action=reinterpret pc=0x000001d8d13b7368 method=java.lang.AbstractStringBuilder.isLatin1()Z @ 10 c2
Event: 13.823 Thread 0x000001d8e18e6800 Uncommon trap: reason=unstable_if action=reinterpret pc=0x000001d8d132c2e4 method=java.lang.CharacterData.of(I)Ljava/lang/CharacterData; @ 4 c2
Event: 13.903 Thread 0x000001d8e18e6800 Uncommon trap: reason=unstable_if action=reinterpret pc=0x000001d8d136d5cc method=java.lang.StringLatin1.canEncode(I)Z @ 4 c2
Event: 16.280 Thread 0x000001d8e18e6800 Uncommon trap: reason=unstable_if action=reinterpret pc=0x000001d8d13d32ac method=java.lang.StringLatin1.trim([B)Ljava/lang/String; @ 44 c2
Event: 16.280 Thread 0x000001d8e18e6800 Uncommon trap: reason=bimorphic_or_optimized_type_check action=maybe_recompile pc=0x000001d8d13cd5f0 method=java.util.HashMap.putVal(ILjava/lang/Object;Ljava/lang/Object;ZZ)Ljava/lang/Object; @ 203 c2
Event: 16.280 Thread 0x000001d8e18e6800 Uncommon trap: reason=bimorphic_or_optimized_type_check action=maybe_recompile pc=0x000001d8d13cd5f0 method=java.util.HashMap.putVal(ILjava/lang/Object;Ljava/lang/Object;ZZ)Ljava/lang/Object; @ 203 c2
Event: 16.280 Thread 0x000001d8e18e6800 Uncommon trap: reason=bimorphic_or_optimized_type_check action=maybe_recompile pc=0x000001d8d13cd5f0 method=java.util.HashMap.putVal(ILjava/lang/Object;Ljava/lang/Object;ZZ)Ljava/lang/Object; @ 203 c2
Event: 16.282 Thread 0x000001d8e18e6800 Uncommon trap: reason=bimorphic_or_optimized_type_check action=maybe_recompile pc=0x000001d8d13cd5f0 method=java.util.HashMap.putVal(ILjava/lang/Object;Ljava/lang/Object;ZZ)Ljava/lang/Object; @ 203 c2

Classes redefined (0 events):
No events

Internal exceptions (10 events):
Event: 7.202 Thread 0x000001d8e18e6800 Exception <a 'java/lang/NoSuchMethodError'{0x000000008d6bc4c0}: java.lang.invoke.DirectMethodHandle$Holder.invokeStatic(Ljava/lang/Object;Ljava/lang/Object;Ljava/lang/Object;IIIII)Ljava/lang/Object;> (0x000000008d6bc4c0) thrown at [t:/workspace/open/src/h
Event: 7.203 Thread 0x000001d8e18e6800 Exception <a 'java/lang/NoSuchMethodError'{0x000000008d6c2330}: java.lang.invoke.Invokers$Holder.linkToTargetMethod(Ljava/lang/Object;Ljava/lang/Object;IIIIILjava/lang/Object;)Ljava/lang/Object;> (0x000000008d6c2330) thrown at [t:/workspace/open/src/hotsp
Event: 7.238 Thread 0x000001d8e18e6800 Exception <a 'java/lang/ClassNotFoundException'{0x000000008d313088}: com/sun/javafx/scene/control/skin/resources/controls> (0x000000008d313088) thrown at [t:/workspace/open/src/hotspot/share/prims/jni.cpp, line 636]
Event: 7.239 Thread 0x000001d8e18e6800 Exception <a 'java/lang/ClassNotFoundException'{0x000000008d3216b0}: com/sun/javafx/scene/control/skin/resources/controls_en> (0x000000008d3216b0) thrown at [t:/workspace/open/src/hotspot/share/prims/jni.cpp, line 636]
Event: 7.239 Thread 0x000001d8e18e6800 Exception <a 'java/lang/ClassNotFoundException'{0x000000008d324340}: com/sun/javafx/scene/control/skin/resources/controls_en_US> (0x000000008d324340) thrown at [t:/workspace/open/src/hotspot/share/prims/jni.cpp, line 636]
Event: 7.265 Thread 0x000001d8e18e6800 Implicit null exception at 0x000001d8d1385da5 to 0x000001d8d1386162
Event: 7.265 Thread 0x000001d8e18e6800 Implicit null exception at 0x000001d8d1342489 to 0x000001d8d13426ca
Event: 7.267 Thread 0x000001d8e18e6800 Implicit null exception at 0x000001d8d1342b4f to 0x000001d8d1342d5a
Event: 7.268 Thread 0x000001d8e18e6800 Exception <a 'java/lang/NoSuchMethodError'{0x000000008d28b0a8}: java.lang.invoke.DirectMethodHandle$Holder.invokeSpecial(Ljava/lang/Object;Ljava/lang/Object;Ljava/lang/Object;Ljava/lang/Object;Ljava/lang/Object;Ljava/lang/Object;)V> (0x000000008d28b0a8) t
Event: 16.301 Thread 0x000001d8e18e6800 Exception <a 'sun/nio/fs/WindowsException'{0x000000008cb86758}> (0x000000008cb86758) thrown at [t:/workspace/open/src/hotspot/share/prims/jni.cpp, line 615]

Events (10 events):
Event: 18.109 loading class game/GameScreenController done
Event: 18.110 loading class javafx/scene/input/KeyEvent
Event: 18.110 loading class javafx/scene/input/KeyEvent done
Event: 18.110 loading class game/GameScreenController
Event: 18.110 loading class game/GameScreenController done
Event: 18.113 Executing VM operation: G1CollectForAllocation
Event: 18.117 Executing VM operation: G1CollectForAllocation done
Event: 18.118 Executing VM operation: RevokeBias
Event: 18.120 Executing VM operation: RevokeBias done
Event: 18.127 Executing VM operation: G1Concurrent


Dynamic libraries:
0x00007ff7c8000000 - 0x00007ff7c800d000 	C:\Program Files\Java\openjdk-12_windows-x64_bin\jdk-12\bin\java.exe
0x00007ffe20a50000 - 0x00007ffe20c3d000 	C:\WINDOWS\SYSTEM32\ntdll.dll
0x00007ffdfde30000 - 0x00007ffdfde44000 	C:\Program Files\AVAST Software\Avast\aswhook.dll
0x00007ffe20410000 - 0x00007ffe204c3000 	C:\WINDOWS\System32\KERNEL32.DLL
0x00007ffe1d020000 - 0x00007ffe1d2b3000 	C:\WINDOWS\System32\KERNELBASE.dll
0x00007ffe1cf20000 - 0x00007ffe1d01a000 	C:\WINDOWS\System32\ucrtbase.dll
0x00007ffe14ff0000 - 0x00007ffe15007000 	C:\Program Files\Java\openjdk-12_windows-x64_bin\jdk-12\bin\jli.dll
0x00007ffe1e500000 - 0x00007ffe1e697000 	C:\WINDOWS\System32\USER32.dll
0x00007ffe1cb10000 - 0x00007ffe1cb30000 	C:\WINDOWS\System32\win32u.dll
0x00007ffe209f0000 - 0x00007ffe20a19000 	C:\WINDOWS\System32\GDI32.dll
0x00007ffe1dab0000 - 0x00007ffe1dc49000 	C:\WINDOWS\System32\gdi32full.dll
0x00007ffe1d2c0000 - 0x00007ffe1d360000 	C:\WINDOWS\System32\msvcp_win.dll
0x00007ffe143a0000 - 0x00007ffe143b6000 	C:\Program Files\Java\openjdk-12_windows-x64_bin\jdk-12\bin\VCRUNTIME140.dll
0x00007ffe07dd0000 - 0x00007ffe08049000 	C:\WINDOWS\WinSxS\amd64_microsoft.windows.common-controls_6595b64144ccf1df_6.0.17763.914_none_05b346b2072102f2\COMCTL32.dll
0x00007ffe20790000 - 0x00007ffe2082e000 	C:\WINDOWS\System32\msvcrt.dll
0x00007ffe1e1d0000 - 0x00007ffe1e4fc000 	C:\WINDOWS\System32\combase.dll
0x00007ffe1de20000 - 0x00007ffe1df42000 	C:\WINDOWS\System32\RPCRT4.dll
0x00007ffe1cb30000 - 0x00007ffe1cbae000 	C:\WINDOWS\System32\bcryptPrimitives.dll
0x00007ffe20020000 - 0x00007ffe2004e000 	C:\WINDOWS\System32\IMM32.DLL
0x00007ffe00e50000 - 0x00007ffe00efa000 	C:\Program Files\Java\openjdk-12_windows-x64_bin\jdk-12\bin\msvcp140.dll
0x00007ffdd8230000 - 0x00007ffdd8da4000 	C:\Program Files\Java\openjdk-12_windows-x64_bin\jdk-12\bin\server\jvm.dll
0x00007ffe200d0000 - 0x00007ffe20173000 	C:\WINDOWS\System32\ADVAPI32.dll
0x00007ffe20240000 - 0x00007ffe202de000 	C:\WINDOWS\System32\sechost.dll
0x00007ffe20830000 - 0x00007ffe20838000 	C:\WINDOWS\System32\PSAPI.DLL
0x00007ffe1b610000 - 0x00007ffe1b619000 	C:\WINDOWS\SYSTEM32\WSOCK32.dll
0x00007ffe20540000 - 0x00007ffe205ad000 	C:\WINDOWS\System32\WS2_32.dll
0x00007ffe14400000 - 0x00007ffe14424000 	C:\WINDOWS\SYSTEM32\WINMM.dll
0x00007ffe196c0000 - 0x00007ffe196ca000 	C:\WINDOWS\SYSTEM32\VERSION.dll
0x00007ffe141c0000 - 0x00007ffe141ed000 	C:\WINDOWS\SYSTEM32\WINMMBASE.dll
0x00007ffe1cea0000 - 0x00007ffe1ceea000 	C:\WINDOWS\System32\cfgmgr32.dll
0x00007ffe1ca60000 - 0x00007ffe1ca71000 	C:\WINDOWS\System32\kernel.appcore.dll
0x00007ffe0d290000 - 0x00007ffe0d2a1000 	C:\Program Files\Java\openjdk-12_windows-x64_bin\jdk-12\bin\verify.dll
0x00007ffe1b3a0000 - 0x00007ffe1b58d000 	C:\WINDOWS\SYSTEM32\DBGHELP.DLL
0x00007ffe15f00000 - 0x00007ffe15f2a000 	C:\WINDOWS\SYSTEM32\dbgcore.DLL
0x00007ffe09230000 - 0x00007ffe09256000 	C:\Program Files\Java\openjdk-12_windows-x64_bin\jdk-12\bin\java.dll
0x00007ffe09210000 - 0x00007ffe09227000 	C:\Program Files\Java\openjdk-12_windows-x64_bin\jdk-12\bin\zip.dll
0x00007ffe195f0000 - 0x00007ffe195fa000 	C:\Program Files\Java\openjdk-12_windows-x64_bin\jdk-12\bin\jimage.dll
0x00007ffe1e6a0000 - 0x00007ffe1fb94000 	C:\WINDOWS\System32\SHELL32.dll
0x00007ffe1e120000 - 0x00007ffe1e1c8000 	C:\WINDOWS\System32\shcore.dll
0x00007ffe1d360000 - 0x00007ffe1daad000 	C:\WINDOWS\System32\windows.storage.dll
0x00007ffe1ca80000 - 0x00007ffe1caa4000 	C:\WINDOWS\System32\profapi.dll
0x00007ffe1cab0000 - 0x00007ffe1cb0d000 	C:\WINDOWS\System32\powrprof.dll
0x00007ffe1ddc0000 - 0x00007ffe1de12000 	C:\WINDOWS\System32\shlwapi.dll
0x00007ffe1dc50000 - 0x00007ffe1dc67000 	C:\WINDOWS\System32\cryptsp.dll
0x00007ffe06850000 - 0x00007ffe06869000 	C:\Program Files\Java\openjdk-12_windows-x64_bin\jdk-12\bin\net.dll
0x00007ffe13e10000 - 0x00007ffe13f02000 	C:\WINDOWS\SYSTEM32\WINHTTP.dll
0x00007ffe19830000 - 0x00007ffe19a07000 	C:\WINDOWS\SYSTEM32\urlmon.dll
0x00007ffe0bf20000 - 0x00007ffe0c1c8000 	C:\WINDOWS\SYSTEM32\iertutil.dll
0x00007ffe1c480000 - 0x00007ffe1c48c000 	C:\WINDOWS\SYSTEM32\CRYPTBASE.DLL
0x00007ffe1c2b0000 - 0x00007ffe1c317000 	C:\WINDOWS\system32\mswsock.dll
0x00007ffe05f60000 - 0x00007ffe05f73000 	C:\Program Files\Java\openjdk-12_windows-x64_bin\jdk-12\bin\nio.dll
0x000001d8bf470000 - 0x000001d8bf473000 	C:\Users\Timy\.openjfx\cache\13\api-ms-win-core-console-l1-1-0.dll
0x000001d8c13f0000 - 0x000001d8c13f3000 	C:\Users\Timy\.openjfx\cache\13\api-ms-win-core-datetime-l1-1-0.dll
0x000001d8c1400000 - 0x000001d8c1403000 	C:\Users\Timy\.openjfx\cache\13\api-ms-win-core-debug-l1-1-0.dll
0x000001d8c1410000 - 0x000001d8c1413000 	C:\Users\Timy\.openjfx\cache\13\api-ms-win-core-errorhandling-l1-1-0.dll
0x000001d8c1420000 - 0x000001d8c1424000 	C:\Users\Timy\.openjfx\cache\13\api-ms-win-core-file-l1-1-0.dll
0x000001d8e2610000 - 0x000001d8e2613000 	C:\Users\Timy\.openjfx\cache\13\api-ms-win-core-file-l1-2-0.dll
0x000001d8e2620000 - 0x000001d8e2623000 	C:\Users\Timy\.openjfx\cache\13\api-ms-win-core-file-l2-1-0.dll
0x000001d8e2630000 - 0x000001d8e2633000 	C:\Users\Timy\.openjfx\cache\13\api-ms-win-core-handle-l1-1-0.dll
0x000001d8e2640000 - 0x000001d8e2643000 	C:\Users\Timy\.openjfx\cache\13\api-ms-win-core-heap-l1-1-0.dll
0x000001d8e2650000 - 0x000001d8e2653000 	C:\Users\Timy\.openjfx\cache\13\api-ms-win-core-interlocked-l1-1-0.dll
0x000001d8e2660000 - 0x000001d8e2663000 	C:\Users\Timy\.openjfx\cache\13\api-ms-win-core-libraryloader-l1-1-0.dll
0x000001d8e2670000 - 0x000001d8e2673000 	C:\Users\Timy\.openjfx\cache\13\api-ms-win-core-localization-l1-2-0.dll
0x000001d8e2680000 - 0x000001d8e2683000 	C:\Users\Timy\.openjfx\cache\13\api-ms-win-core-memory-l1-1-0.dll
0x000001d8e2690000 - 0x000001d8e2693000 	C:\Users\Timy\.openjfx\cache\13\api-ms-win-core-namedpipe-l1-1-0.dll
0x000001d8e26a0000 - 0x000001d8e26a3000 	C:\Users\Timy\.openjfx\cache\13\api-ms-win-core-processenvironment-l1-1-0.dll
0x000001d8e26b0000 - 0x000001d8e26b3000 	C:\Users\Timy\.openjfx\cache\13\api-ms-win-core-processthreads-l1-1-0.dll
0x000001d8e26c0000 - 0x000001d8e26c3000 	C:\Users\Timy\.openjfx\cache\13\api-ms-win-core-processthreads-l1-1-1.dll
0x000001d8e26d0000 - 0x000001d8e26d3000 	C:\Users\Timy\.openjfx\cache\13\api-ms-win-core-profile-l1-1-0.dll
0x000001d8e26e0000 - 0x000001d8e26e3000 	C:\Users\Timy\.openjfx\cache\13\api-ms-win-core-rtlsupport-l1-1-0.dll
0x000001d8e26f0000 - 0x000001d8e26f3000 	C:\Users\Timy\.openjfx\cache\13\api-ms-win-core-string-l1-1-0.dll
0x000001d8e2700000 - 0x000001d8e2703000 	C:\Users\Timy\.openjfx\cache\13\api-ms-win-core-synch-l1-1-0.dll
0x000001d8e2710000 - 0x000001d8e2713000 	C:\Users\Timy\.openjfx\cache\13\api-ms-win-core-synch-l1-2-0.dll
0x000001d8e2720000 - 0x000001d8e2723000 	C:\Users\Timy\.openjfx\cache\13\api-ms-win-core-sysinfo-l1-1-0.dll
0x000001d8e2730000 - 0x000001d8e2733000 	C:\Users\Timy\.openjfx\cache\13\api-ms-win-core-timezone-l1-1-0.dll
0x000001d8e2740000 - 0x000001d8e2743000 	C:\Users\Timy\.openjfx\cache\13\api-ms-win-core-util-l1-1-0.dll
0x000001d8e2750000 - 0x000001d8e2753000 	C:\Users\Timy\.openjfx\cache\13\api-ms-win-crt-conio-l1-1-0.dll
0x000001d8e2760000 - 0x000001d8e2764000 	C:\Users\Timy\.openjfx\cache\13\api-ms-win-crt-convert-l1-1-0.dll
0x000001d8e2770000 - 0x000001d8e2773000 	C:\Users\Timy\.openjfx\cache\13\api-ms-win-crt-environment-l1-1-0.dll
0x000001d8e2780000 - 0x000001d8e2783000 	C:\Users\Timy\.openjfx\cache\13\api-ms-win-crt-filesystem-l1-1-0.dll
0x000001d8e2790000 - 0x000001d8e2793000 	C:\Users\Timy\.openjfx\cache\13\api-ms-win-crt-heap-l1-1-0.dll
0x000001d8e27a0000 - 0x000001d8e27a3000 	C:\Users\Timy\.openjfx\cache\13\api-ms-win-crt-locale-l1-1-0.dll
0x000001d8e27b0000 - 0x000001d8e27b5000 	C:\Users\Timy\.openjfx\cache\13\api-ms-win-crt-math-l1-1-0.dll
0x000001d8e27c0000 - 0x000001d8e27c5000 	C:\Users\Timy\.openjfx\cache\13\api-ms-win-crt-multibyte-l1-1-0.dll
0x000001d8e27d0000 - 0x000001d8e27e0000 	C:\Users\Timy\.openjfx\cache\13\api-ms-win-crt-private-l1-1-0.dll
0x000001d8e27e0000 - 0x000001d8e27e3000 	C:\Users\Timy\.openjfx\cache\13\api-ms-win-crt-process-l1-1-0.dll
0x000001d8e27f0000 - 0x000001d8e27f4000 	C:\Users\Timy\.openjfx\cache\13\api-ms-win-crt-runtime-l1-1-0.dll
0x000001d8e2800000 - 0x000001d8e2804000 	C:\Users\Timy\.openjfx\cache\13\api-ms-win-crt-stdio-l1-1-0.dll
0x000001d8e2810000 - 0x000001d8e2814000 	C:\Users\Timy\.openjfx\cache\13\api-ms-win-crt-string-l1-1-0.dll
0x000001d8e2820000 - 0x000001d8e2823000 	C:\Users\Timy\.openjfx\cache\13\api-ms-win-crt-time-l1-1-0.dll
0x000001d8e2830000 - 0x000001d8e2833000 	C:\Users\Timy\.openjfx\cache\13\api-ms-win-crt-utility-l1-1-0.dll
0x00007ffdf8270000 - 0x00007ffdf836c000 	C:\Users\Timy\.openjfx\cache\13\ucrtbase.dll
0x00007ffe143e0000 - 0x00007ffe143f5000 	C:\Users\Timy\.openjfx\cache\13\vcruntime140.dll
0x00007ffe00ca0000 - 0x00007ffe00d3b000 	C:\Users\Timy\.openjfx\cache\13\msvcp140.dll
0x00007ffe00220000 - 0x00007ffe00271000 	C:\Users\Timy\.openjfx\cache\13\concrt140.dll
0x00007ffe0dc90000 - 0x00007ffe0dcb3000 	C:\Users\Timy\.openjfx\cache\13\prism_d3d.dll
0x00007ffe0df60000 - 0x00007ffe0e0fe000 	C:\WINDOWS\system32\d3d9.dll
0x00007ffe1ab70000 - 0x00007ffe1ab9e000 	C:\WINDOWS\SYSTEM32\dwmapi.dll
0x00007ffe1cbb0000 - 0x00007ffe1cd8b000 	C:\WINDOWS\System32\CRYPT32.dll
0x00007ffe1ca40000 - 0x00007ffe1ca52000 	C:\WINDOWS\System32\MSASN1.dll
0x00007ffe1a9a0000 - 0x00007ffe1aa3c000 	C:\WINDOWS\system32\uxtheme.dll
0x00007ffdaf050000 - 0x00007ffdb4834000 	C:\WINDOWS\System32\DriverStore\FileRepository\igdlh64.inf_amd64_463164d40c3d26ce\igdumdim64.dll
0x00007ffe1dcf0000 - 0x00007ffe1ddb4000 	C:\WINDOWS\System32\OLEAUT32.dll
0x00007ffe20630000 - 0x00007ffe20785000 	C:\WINDOWS\System32\ole32.dll
0x00007ffe1fba0000 - 0x00007ffe20016000 	C:\WINDOWS\System32\SETUPAPI.dll
0x00007ffe1cef0000 - 0x00007ffe1cf16000 	C:\WINDOWS\System32\bcrypt.dll
0x00007ffe09d20000 - 0x00007ffe09d65000 	C:\Users\Timy\.openjfx\cache\13\glass.dll
0x00007ffe202e0000 - 0x00007ffe20407000 	C:\WINDOWS\System32\COMDLG32.dll
0x00007ffe1dfb0000 - 0x00007ffe1e11c000 	C:\WINDOWS\System32\MSCTF.dll
0x00007ffe00fe0000 - 0x00007ffe0213d000 	C:\WINDOWS\System32\DriverStore\FileRepository\igdlh64.inf_amd64_463164d40c3d26ce\igc64.dll
0x00007ffe143c0000 - 0x00007ffe143d4000 	C:\Users\Timy\.openjfx\cache\13\javafx_font.dll
0x00007ffe00280000 - 0x00007ffe0057c000 	C:\WINDOWS\SYSTEM32\dwrite.dll
0x00007ffe20190000 - 0x00007ffe20232000 	C:\WINDOWS\System32\clbcatq.dll
0x00007ffe03cc0000 - 0x00007ffe03e78000 	C:\WINDOWS\SYSTEM32\WindowsCodecs.dll
0x00007ffdfed10000 - 0x00007ffdfed66000 	C:\WINDOWS\system32\dataexchange.dll
0x00007ffe19300000 - 0x00007ffe1957e000 	C:\WINDOWS\system32\d3d11.dll
0x00007ffe17860000 - 0x00007ffe17a23000 	C:\WINDOWS\system32\dcomp.dll
0x00007ffe1b770000 - 0x00007ffe1b832000 	C:\WINDOWS\system32\dxgi.dll
0x00007ffe1ae00000 - 0x00007ffe1b00d000 	C:\WINDOWS\system32\twinapi.appcore.dll
0x00007ffe1b010000 - 0x00007ffe1b038000 	C:\WINDOWS\system32\RMCLIENT.dll
0x00007ffe00fa0000 - 0x00007ffe00fd3000 	C:\Program Files\Common Files\Microsoft Shared\Ink\rtscom.dll
0x00007ffe186e0000 - 0x00007ffe18775000 	C:\WINDOWS\System32\TextInputFramework.dll
0x00007ffe158e0000 - 0x00007ffe15c02000 	C:\WINDOWS\System32\CoreUIComponents.dll
0x00007ffe17d90000 - 0x00007ffe17e72000 	C:\WINDOWS\System32\CoreMessaging.dll
0x00007ffe1bab0000 - 0x00007ffe1bae1000 	C:\WINDOWS\SYSTEM32\ntmarta.dll
0x00007ffe191a0000 - 0x00007ffe192f3000 	C:\WINDOWS\SYSTEM32\wintypes.dll
0x00007ffe1be30000 - 0x00007ffe1be63000 	C:\WINDOWS\system32\rsaenh.dll
0x00007ffe1c940000 - 0x00007ffe1c968000 	C:\WINDOWS\SYSTEM32\USERENV.dll

dbghelp: loaded successfully - version: 4.0.5 - missing functions: none
symbol engine: initialized successfully - sym options: 0x614 - pdb path: .;C:\Program Files\Java\openjdk-12_windows-x64_bin\jdk-12\bin;C:\WINDOWS\SYSTEM32;C:\Program Files\AVAST Software\Avast;C:\WINDOWS\WinSxS\amd64_microsoft.windows.common-controls_6595b64144ccf1df_6.0.17763.914_none_05b346b2072102f2;C:\Program Files\Java\openjdk-12_windows-x64_bin\jdk-12\bin\server;C:\Users\Timy\.openjfx\cache\13;C:\WINDOWS\System32\DriverStore\FileRepository\igdlh64.inf_amd64_463164d40c3d26ce;C:\Program Files\Common Files\Microsoft Shared\Ink;C:\Users\Timy\AppData\Local\Temp

VM Arguments:
jvm_args: --add-modules=javafx.controls,javafx.fxml,javafx.media,javafx.swing --module-path=C:\Users\Timy\.gradle\caches\modules-2\files-2.1\org.openjfx\javafx-swing\13\a8531f7b83595165b8307a40b2854b72d001ccd5\javafx-swing-13-win.jar;C:\Users\Timy\.gradle\caches\modules-2\files-2.1\org.openjfx\javafx-media\13\fbdd1014600563e9f8950f8ba3d52264966e5c7b\javafx-media-13-win.jar;C:\Users\Timy\.gradle\caches\modules-2\files-2.1\org.openjfx\javafx-fxml\13\ee55786ffd820bb7c8dd43d127a54b1141639e29\javafx-fxml-13-win.jar;C:\Users\Timy\.gradle\caches\modules-2\files-2.1\org.openjfx\javafx-controls\13\7524fd4ab57de51637adb0e99f0220a1ae0ae4dd\javafx-controls-13-win.jar;C:\Users\Timy\.gradle\caches\modules-2\files-2.1\org.openjfx\javafx-graphics\13\bbcbc616702a086567585183efcb0ab8eb22a66b\javafx-graphics-13-win.jar;C:\Users\Timy\.gradle\caches\modules-2\files-2.1\org.openjfx\javafx-base\13\6386f02a2b71d8b503c6ca3cd2d2dcb382ce86b4\javafx-base-13-win.jar -Dfile.encoding=windows-1252 -Duser.country=US -Duser.language=en -Duser.variant 
java_command: MainScreen
java_class_path (initial): C:\Users\Timy\Desktop\UNI\Y2\SEM\template\build\classes\java\main;C:\Users\Timy\Desktop\UNI\Y2\SEM\template\build\resources\main;C:\Users\Timy\.gradle\caches\modules-2\files-2.1\org.xerial\sqlite-jdbc\3.8.11.2\dec208cba8debb0a8b9204b08d8d887d63041f0f\sqlite-jdbc-3.8.11.2.jar;C:\Users\Timy\.gradle\caches\modules-2\files-2.1\org.kordamp.ikonli\ikonli-javafx\11.3.4\ed614fb77cb8a1192304e500a3ba69570583d9c6\ikonli-javafx-11.3.4.jar;C:\Users\Timy\.gradle\caches\modules-2\files-2.1\org.kordamp.ikonli\ikonli-fontawesome-pack\11.3.4\297bd10ea3ec2275ec20e9144b00c1cef268f213\ikonli-fontawesome-pack-11.3.4.jar;C:\Users\Timy\.gradle\caches\modules-2\files-2.1\org.openjfx\javafx-swing\13\a8531f7b83595165b8307a40b2854b72d001ccd5\javafx-swing-13-win.jar;C:\Users\Timy\.gradle\caches\modules-2\files-2.1\org.openjfx\javafx-media\13\fbdd1014600563e9f8950f8ba3d52264966e5c7b\javafx-media-13-win.jar;C:\Users\Timy\.gradle\caches\modules-2\files-2.1\org.openjfx\javafx-fxml\13\ee55786ffd820bb7c8dd43d127a54b1141639e29\javafx-fxml-13-win.jar;C:\Users\Timy\.gradle\caches\modules-2\files-2.1\org.openjfx\javafx-controls\13\7524fd4ab57de51637adb0e99f0220a1ae0ae4dd\javafx-controls-13-win.jar;C:\Users\Timy\.gradle\caches\modules-2\files-2.1\org.openjfx\javafx-controls\13\6cd7169d2a729846c35fba9dc65af23a10ca253b\javafx-controls-13.jar;C:\Users\Timy\.gradle\caches\modules-2\files-2.1\org.openjfx\javafx-graphics\13\bbcbc616702a086567585183efcb0ab8eb22a66b\javafx-graphics-13-win.jar;C:\Users\Timy\.gradle\caches\modules-2\files-2.1\org.openjfx\javafx-graphics\13\a9407212df2b75d557a509ec14a9e8e282494b4e\javafx-graphics-13.jar;C:\Users\Timy\.gradle\caches\modules-2\files-2.1\org.openjfx\javafx-base\13\6386f02a2b71d8b503c6ca3cd2d2dcb382ce86b4\javafx-base-13-win.jar;C:\Users\Timy\.gradle\caches\modules-2\files-2.1\org.openjfx\javafx-base\13\43c52e1d11b38514e9d2421ad98ca6a35de12b0\javafx-base-13.jar;C:\Users\Timy\.gradle\caches\modules-2\files-2.1\org.kordamp.ikonli\ikonli-core\11
Launcher Type: SUN_STANDARD

[Global flags]
     intx CICompilerCount                          = 4                                         {product} {ergonomic}
     uint ConcGCThreads                            = 2                                         {product} {ergonomic}
     uint G1ConcRefinementThreads                  = 8                                         {product} {ergonomic}
   size_t G1HeapRegionSize                         = 1048576                                   {product} {ergonomic}
    uintx GCDrainStackTargetSize                   = 64                                        {product} {ergonomic}
   size_t InitialHeapSize                          = 134217728                                 {product} {ergonomic}
   size_t MarkStackSize                            = 4194304                                   {product} {ergonomic}
   size_t MaxHeapSize                              = 2120220672                                {product} {ergonomic}
   size_t MaxNewSize                               = 1271922688                                {product} {ergonomic}
   size_t MinHeapDeltaBytes                        = 1048576                                   {product} {ergonomic}
    uintx NonNMethodCodeHeapSize                   = 5836300                                {pd product} {ergonomic}
    uintx NonProfiledCodeHeapSize                  = 122910970                              {pd product} {ergonomic}
    uintx ProfiledCodeHeapSize                     = 122910970                              {pd product} {ergonomic}
    uintx ReservedCodeCacheSize                    = 251658240                              {pd product} {ergonomic}
     bool SegmentedCodeCache                       = true                                      {product} {ergonomic}
     bool UseCompressedClassPointers               = true                                 {lp64_product} {ergonomic}
     bool UseCompressedOops                        = true                                 {lp64_product} {ergonomic}
     bool UseG1GC                                  = true                                      {product} {ergonomic}
     bool UseLargePagesIndividualAllocation        = false                                  {pd product} {ergonomic}

Logging:
Log output configuration:
 #0: stdout all=warning uptime,level,tags
 #1: stderr all=off uptime,level,tags

Environment Variables:
PATH=C:\Program Files (x86)\Common Files\Oracle\Java\javapath;C:\Program Files (x86)\Intel\iCLS Client\;C:\Program Files\Intel\iCLS Client\;C:\Windows\system32;C:\Windows;C:\Windows\System32\Wbem;C:\Windows\System32\WindowsPowerShell\v1.0\;C:\Program Files (x86)\Intel\Intel(R) Management Engine Components\DAL;C:\Program Files\Intel\Intel(R) Management Engine Components\DAL;C:\Program Files (x86)\Intel\Intel(R) Management Engine Components\IPT;C:\Program Files\Intel\Intel(R) Management Engine Components\IPT;C:\Users\Timy\.dnx\bin;C:\Program Files\Microsoft DNX\Dnvm\;C:\Program Files (x86)\Windows Kits\8.1\Windows Performance Toolkit\;C:\Program Files\Microsoft SQL Server\130\Tools\Binn\;C:\WINDOWS\system32;C:\WINDOWS;C:\WINDOWS\System32\Wbem;C:\WINDOWS\System32\WindowsPowerShell\v1.0\;C:\Program Files (x86)\GtkSharp\2.12\bin;C:\Program Files\Intel\WiFi\bin\;C:\Program Files\Common Files\Intel\WirelessCommon\;C:\Program Files (x86)\NVIDIA Corporation\PhysX\Common;C:\WINDOWS\system32;C:\WINDOWS;C:\WINDOWS\System32\Wbem;C:\WINDOWS\System32\WindowsPowerShell\v1.0\;D:\install\Python;D:\install\MinGW\bin;C:\Program Files (x86)\Skype\Phone\;C:\WINDOWS\System32\OpenSSH\;C:\Program Files\nodejs\;C:\Gradle\gradle-5.4.1\bin;C:\Program Files\Java\jdk1.8.0_144\bin;C:\Program Files (x86)\Windows Kits\10\Windows Performance Toolkit\;C:\Program Files (x86)\Windows Kits\8.1\bin\x64;C:\Program Files (x86)\Windows Kits\10\bin\x64;D:\install;C:\Program Files\Git\cmd;C:\Program Files\Intel\WiFi\bin\;C:\Program Files\Common Files\Intel\WirelessCommon\;C:\Users\Timy\AppData\Local\Microsoft\WindowsApps;C:\Users\Timy\AppData\Local\Programs\Microsoft VS Code\bin;C:\Users\Timy\AppData\Roaming\npm;C:\Program Files\heroku\bin;D:\install\Python\Scripts;D:\install\flutter\flutter\bin;
USERNAME=Timi
OS=Windows_NT
PROCESSOR_IDENTIFIER=Intel64 Family 6 Model 94 Stepping 3, GenuineIntel



---------------  S Y S T E M  ---------------

OS: Windows 10 , 64 bit Build 17763 (10.0.17763.475)

CPU:total 8 (initial active 8) (4 cores per cpu, 2 threads per core) family 6 model 94 stepping 3, cmov, cx8, fxsr, mmx, sse, sse2, sse3, ssse3, sse4.1, sse4.2, popcnt, avx, avx2, aes, clmul, erms, rtm, 3dnowpref, lzcnt, ht, tsc, tscinvbit, bmi1, bmi2, adx, fma

Memory: 4k page, system-wide physical 8087M (1481M free)
TotalPageFile size 9111M (AvailPageFile size 9M)
current process WorkingSet (physical memory assigned to process): 368M, peak: 369M
current process commit charge ("private bytes"): 454M, peak: 486M

vm_info: OpenJDK 64-Bit Server VM (12+33) for windows-amd64 JRE (12+33), built on Feb 21 2019 02:28:07 by "mach5one" with MS VC++ 15.5 (VS2017)

END.
